{"name": "Проверка ввода почты и клика по кнопке \"Восстановить\"", "status": "broken", "statusDetails": {"message": "selenium.common.exceptions.TimeoutException: Message: \nStacktrace:\n0   chromedriver                        0x00000001033d79d8 cxxbridge1$str$ptr + 1887096\n1   chromedriver                        0x00000001033cfe40 cxxbridge1$str$ptr + 1855456\n2   chromedriver                        0x0000000102fd4be0 cxxbridge1$string$len + 89508\n3   chromedriver                        0x0000000103018f10 cxxbridge1$string$len + 368852\n4   chromedriver                        0x00000001030524a4 cxxbridge1$string$len + 603752\n5   chromedriver                        0x000000010300da08 cxxbridge1$string$len + 322508\n6   chromedriver                        0x000000010300e66c cxxbridge1$string$len + 325680\n7   chromedriver                        0x000000010339e098 cxxbridge1$str$ptr + 1651256\n8   chromedriver                        0x00000001033a29cc cxxbridge1$str$ptr + 1669996\n9   chromedriver                        0x000000010338322c cxxbridge1$str$ptr + 1541068\n10  chromedriver                        0x00000001033a329c cxxbridge1$str$ptr + 1672252\n11  chromedriver                        0x0000000103374840 cxxbridge1$str$ptr + 1481184\n12  chromedriver                        0x00000001033c1138 cxxbridge1$str$ptr + 1794776\n13  chromedriver                        0x00000001033c12b4 cxxbridge1$str$ptr + 1795156\n14  chromedriver                        0x00000001033cfadc cxxbridge1$str$ptr + 1854588\n15  libsystem_pthread.dylib             0x000000018ddc2034 _pthread_start + 136\n16  libsystem_pthread.dylib             0x000000018ddbce3c thread_start + 8", "trace": "self = <test_pass_recovery.TestRecoveryPassword object at 0x105d03220>, login_page = <pages.login.LoginPage object at 0x105d35ea0>\nuser = ('DianaKo19899158@mail.ru', 'ckxujetrro')\n\n    @allure.title('Проверка ввода почты и клика по кнопке \"Восстановить\"')\n    def test_enter_email_and_click_recovery_button(self, login_page, user):\n        login_page.open_login_page()\n        login_page.click_recovery_button()\n>       login_page.password_recovery(user)\n\ntests/test_pass_recovery.py:17: \n_ _ _ _ _ _ _ _ _ _ _ _ _ _ _ _ _ _ _ _ _ _ _ _ _ _ _ _ _ _ _ _ _ _ _ _ _ _ _ _ _ _ _ _ _ _ _ _ _ _ _ _ _ _ _ _ _ _ _ _ _ _ _ _ _ _ _ _ _ _ _ _ _ _ _ _ _ _ _ _ _ _ _ _ _ _ _ _ _ \npages/login.py:24: in password_recovery\n    self.wait_element_visibility_of_element_located(RecoveryLocators.LINK_LOGIN)\npages/base.py:19: in wait_element_visibility_of_element_located\n    WebDriverWait(self.driver, 15).until(EC.visibility_of_element_located(locator))\n_ _ _ _ _ _ _ _ _ _ _ _ _ _ _ _ _ _ _ _ _ _ _ _ _ _ _ _ _ _ _ _ _ _ _ _ _ _ _ _ _ _ _ _ _ _ _ _ _ _ _ _ _ _ _ _ _ _ _ _ _ _ _ _ _ _ _ _ _ _ _ _ _ _ _ _ _ _ _ _ _ _ _ _ _ _ _ _ _ \n\nself = <selenium.webdriver.support.wait.WebDriverWait (session=\"40f7234223fc0c63a1c0968dc5ab3a5c\")>\nmethod = <function visibility_of_element_located.<locals>._predicate at 0x105d90940>, message = ''\n\n    def until(self, method: Callable[[D], Union[Literal[False], T]], message: str = \"\") -> T:\n        \"\"\"Calls the method provided with the driver as an argument until the \\\n        return value does not evaluate to ``False``.\n    \n        :param method: callable(WebDriver)\n        :param message: optional message for :exc:`TimeoutException`\n        :returns: the result of the last call to `method`\n        :raises: :exc:`selenium.common.exceptions.TimeoutException` if timeout occurs\n        \"\"\"\n        screen = None\n        stacktrace = None\n    \n        end_time = time.monotonic() + self._timeout\n        while True:\n            try:\n                value = method(self._driver)\n                if value:\n                    return value\n            except self._ignored_exceptions as exc:\n                screen = getattr(exc, \"screen\", None)\n                stacktrace = getattr(exc, \"stacktrace\", None)\n            time.sleep(self._poll)\n            if time.monotonic() > end_time:\n                break\n>       raise TimeoutException(message, screen, stacktrace)\nE       selenium.common.exceptions.TimeoutException: Message: \nE       Stacktrace:\nE       0   chromedriver                        0x00000001033d79d8 cxxbridge1$str$ptr + 1887096\nE       1   chromedriver                        0x00000001033cfe40 cxxbridge1$str$ptr + 1855456\nE       2   chromedriver                        0x0000000102fd4be0 cxxbridge1$string$len + 89508\nE       3   chromedriver                        0x0000000103018f10 cxxbridge1$string$len + 368852\nE       4   chromedriver                        0x00000001030524a4 cxxbridge1$string$len + 603752\nE       5   chromedriver                        0x000000010300da08 cxxbridge1$string$len + 322508\nE       6   chromedriver                        0x000000010300e66c cxxbridge1$string$len + 325680\nE       7   chromedriver                        0x000000010339e098 cxxbridge1$str$ptr + 1651256\nE       8   chromedriver                        0x00000001033a29cc cxxbridge1$str$ptr + 1669996\nE       9   chromedriver                        0x000000010338322c cxxbridge1$str$ptr + 1541068\nE       10  chromedriver                        0x00000001033a329c cxxbridge1$str$ptr + 1672252\nE       11  chromedriver                        0x0000000103374840 cxxbridge1$str$ptr + 1481184\nE       12  chromedriver                        0x00000001033c1138 cxxbridge1$str$ptr + 1794776\nE       13  chromedriver                        0x00000001033c12b4 cxxbridge1$str$ptr + 1795156\nE       14  chromedriver                        0x00000001033cfadc cxxbridge1$str$ptr + 1854588\nE       15  libsystem_pthread.dylib             0x000000018ddc2034 _pthread_start + 136\nE       16  libsystem_pthread.dylib             0x000000018ddbce3c thread_start + 8\n\nvenv/lib/python3.10/site-packages/selenium/webdriver/support/wait.py:105: TimeoutException"}, "steps": [{"name": "Открыть страницу авторизации", "status": "passed", "steps": [{"name": "Переход по URL", "status": "passed", "parameters": [{"name": "url", "value": "'https://stellarburgers.nomoreparties.site/login'"}], "start": 1724935531200, "stop": 1724935531407}, {"name": "Ожидание появления элемента", "status": "passed", "parameters": [{"name": "locator", "value": "('xpath', \".//button[text()='Войти']\")"}], "start": 1724935531407, "stop": 1724935531421}], "start": 1724935531200, "stop": 1724935531421}, {"name": "Клик по кнопке \"Восстановить пароль\"", "status": "passed", "steps": [{"name": "Клик по элементу", "status": "passed", "parameters": [{"name": "locator", "value": "('xpath', \"//a[text()='Восстановить пароль']\")"}], "start": 1724935531422, "stop": 1724935531631}, {"name": "Ожидание появления элемента", "status": "passed", "parameters": [{"name": "locator", "value": "('xpath', \".//button[text()='Восстановить']\")"}], "start": 1724935531631, "stop": 1724935531642}], "start": 1724935531422, "stop": 1724935531642}, {"name": "Клик по кнопке \"Восстановить пароль\"", "status": "broken", "statusDetails": {"message": "selenium.common.exceptions.TimeoutException: Message: \nStacktrace:\n0   chromedriver                        0x00000001033d79d8 cxxbridge1$str$ptr + 1887096\n1   chromedriver                        0x00000001033cfe40 cxxbridge1$str$ptr + 1855456\n2   chromedriver                        0x0000000102fd4be0 cxxbridge1$string$len + 89508\n3   chromedriver                        0x0000000103018f10 cxxbridge1$string$len + 368852\n4   chromedriver                        0x00000001030524a4 cxxbridge1$string$len + 603752\n5   chromedriver                        0x000000010300da08 cxxbridge1$string$len + 322508\n6   chromedriver                        0x000000010300e66c cxxbridge1$string$len + 325680\n7   chromedriver                        0x000000010339e098 cxxbridge1$str$ptr + 1651256\n8   chromedriver                        0x00000001033a29cc cxxbridge1$str$ptr + 1669996\n9   chromedriver                        0x000000010338322c cxxbridge1$str$ptr + 1541068\n10  chromedriver                        0x00000001033a329c cxxbridge1$str$ptr + 1672252\n11  chromedriver                        0x0000000103374840 cxxbridge1$str$ptr + 1481184\n12  chromedriver                        0x00000001033c1138 cxxbridge1$str$ptr + 1794776\n13  chromedriver                        0x00000001033c12b4 cxxbridge1$str$ptr + 1795156\n14  chromedriver                        0x00000001033cfadc cxxbridge1$str$ptr + 1854588\n15  libsystem_pthread.dylib             0x000000018ddc2034 _pthread_start + 136\n16  libsystem_pthread.dylib             0x000000018ddbce3c thread_start + 8\n\n", "trace": "  File \"/Users/pavel.yudin/Desktop/Diplom/Diplom_3/venv/lib/python3.10/site-packages/allure_commons/_allure.py\", line 192, in impl\n    return func(*a, **kw)\n  File \"/Users/pavel.yudin/Desktop/Diplom/Diplom_3/pages/login.py\", line 24, in password_recovery\n    self.wait_element_visibility_of_element_located(RecoveryLocators.LINK_LOGIN)\n  File \"/Users/pavel.yudin/Desktop/Diplom/Diplom_3/venv/lib/python3.10/site-packages/allure_commons/_allure.py\", line 192, in impl\n    return func(*a, **kw)\n  File \"/Users/pavel.yudin/Desktop/Diplom/Diplom_3/pages/base.py\", line 19, in wait_element_visibility_of_element_located\n    WebDriverWait(self.driver, 15).until(EC.visibility_of_element_located(locator))\n  File \"/Users/pavel.yudin/Desktop/Diplom/Diplom_3/venv/lib/python3.10/site-packages/selenium/webdriver/support/wait.py\", line 105, in until\n    raise TimeoutException(message, screen, stacktrace)\n"}, "steps": [{"name": "Отправляем данные", "status": "passed", "steps": [{"name": "Поиск элемента", "status": "passed", "parameters": [{"name": "locator", "value": "('xpath', \".//input[@name='name']\")"}], "start": 1724935531642, "stop": 1724935531652}], "parameters": [{"name": "locator", "value": "('xpath', \".//input[@name='name']\")"}, {"name": "text", "value": "'DianaKo19899158@mail.ru'"}], "start": 1724935531642, "stop": 1724935531765}, {"name": "Клик по элементу", "status": "passed", "parameters": [{"name": "locator", "value": "('xpath', \".//button[text()='Восстановить']\")"}], "start": 1724935531765, "stop": 1724935531795}, {"name": "Ожидание появления элемента", "status": "broken", "statusDetails": {"message": "selenium.common.exceptions.TimeoutException: Message: \nStacktrace:\n0   chromedriver                        0x00000001033d79d8 cxxbridge1$str$ptr + 1887096\n1   chromedriver                        0x00000001033cfe40 cxxbridge1$str$ptr + 1855456\n2   chromedriver                        0x0000000102fd4be0 cxxbridge1$string$len + 89508\n3   chromedriver                        0x0000000103018f10 cxxbridge1$string$len + 368852\n4   chromedriver                        0x00000001030524a4 cxxbridge1$string$len + 603752\n5   chromedriver                        0x000000010300da08 cxxbridge1$string$len + 322508\n6   chromedriver                        0x000000010300e66c cxxbridge1$string$len + 325680\n7   chromedriver                        0x000000010339e098 cxxbridge1$str$ptr + 1651256\n8   chromedriver                        0x00000001033a29cc cxxbridge1$str$ptr + 1669996\n9   chromedriver                        0x000000010338322c cxxbridge1$str$ptr + 1541068\n10  chromedriver                        0x00000001033a329c cxxbridge1$str$ptr + 1672252\n11  chromedriver                        0x0000000103374840 cxxbridge1$str$ptr + 1481184\n12  chromedriver                        0x00000001033c1138 cxxbridge1$str$ptr + 1794776\n13  chromedriver                        0x00000001033c12b4 cxxbridge1$str$ptr + 1795156\n14  chromedriver                        0x00000001033cfadc cxxbridge1$str$ptr + 1854588\n15  libsystem_pthread.dylib             0x000000018ddc2034 _pthread_start + 136\n16  libsystem_pthread.dylib             0x000000018ddbce3c thread_start + 8\n\n", "trace": "  File \"/Users/pavel.yudin/Desktop/Diplom/Diplom_3/venv/lib/python3.10/site-packages/allure_commons/_allure.py\", line 192, in impl\n    return func(*a, **kw)\n  File \"/Users/pavel.yudin/Desktop/Diplom/Diplom_3/pages/base.py\", line 19, in wait_element_visibility_of_element_located\n    WebDriverWait(self.driver, 15).until(EC.visibility_of_element_located(locator))\n  File \"/Users/pavel.yudin/Desktop/Diplom/Diplom_3/venv/lib/python3.10/site-packages/selenium/webdriver/support/wait.py\", line 105, in until\n    raise TimeoutException(message, screen, stacktrace)\n"}, "parameters": [{"name": "locator", "value": "('xpath', \".//button[text()='Войти']\")"}], "start": 1724935531795, "stop": 1724935547276}], "parameters": [{"name": "user", "value": "('DianaKo19899158@mail.ru', 'ckxujetrro')"}], "start": 1724935531642, "stop": 1724935547283}], "parameters": [{"name": "driver", "value": "'chrome'"}], "start": 1724935531200, "stop": 1724935547284, "uuid": "2f7a4da3-043f-4f73-9adf-5127c50ddc02", "historyId": "a990513c4efda2371786f633f1897aae", "testCaseId": "c4fabd0d03d4b0800a13a8d1db58aa84", "fullName": "tests.test_pass_recovery.TestRecoveryPassword#test_enter_email_and_click_recovery_button", "labels": [{"name": "parentSuite", "value": "tests"}, {"name": "suite", "value": "test_pass_recovery"}, {"name": "subSuite", "value": "TestRecoveryPassword"}, {"name": "host", "value": "B-12H0CM29-0614.local"}, {"name": "thread", "value": "89302-MainThread"}, {"name": "framework", "value": "pytest"}, {"name": "language", "value": "cpython3"}, {"name": "package", "value": "tests.test_pass_recovery"}]}